<?xml version="1.0" encoding="UTF-8"?>
<testng-results skipped="0" failed="0" ignored="0" total="0" passed="0">
  <reporter-output>
  </reporter-output>
  <suite name="bTest.TestRun" duration-ms="9" started-at="2020-02-03T10:59:13Z" finished-at="2020-02-03T10:59:13Z">
    <groups>
    </groups>
    <test name="Command line test" duration-ms="9" started-at="2020-02-03T10:59:13Z" finished-at="2020-02-03T10:59:13Z">
    </test> <!-- Command line test -->
  </suite> <!-- bTest.TestRun -->
</testng-results>
